

<!DOCTYPE html>
<html>
<head>
<meta charset="UTF-8">
<meta name="viewport" content="width=device-width, initial-scale=1, shrink-to-fit=no">
<title>MY SPARK REPORT</title>
<link rel="apple-touch-icon" href="https://cdn.jsdelivr.net/gh/extent-framework/extent-github-cdn@b00a2d0486596e73dd7326beacf352c639623a0e/commons/img/logo.png">
<link rel="shortcut icon" href="https://cdn.jsdelivr.net/gh/extent-framework/extent-github-cdn@b00a2d0486596e73dd7326beacf352c639623a0e/commons/img/logo.png">
<link href="https://cdn.jsdelivr.net/gh/extent-framework/extent-github-cdn@d6562a79075e061305ccfdb82f01e5e195e2d307/spark/css/spark-style.css" rel="stylesheet" />
<link href="https://stackpath.bootstrapcdn.com/font-awesome/4.7.0/css/font-awesome.min.css" rel="stylesheet">
<script src="https://cdn.jsdelivr.net/gh/extent-framework/extent-github-cdn@7cc78ce/spark/js/jsontree.js"></script>
<style type="text/css"></style></head><body class="spa bdd-report dark">
  <div class="app">
    <div class="layout">
<div class="header navbar">
<div class="vheader">
<div class="nav-logo">
<a href="#">
<div class="logo" style="background-image: url('https://cdn.jsdelivr.net/gh/extent-framework/extent-github-cdn@b00a2d0486596e73dd7326beacf352c639623a0e/commons/img/logo.png')"></div>
</a>
</div>
<ul class="nav-left">
<li class="search-box">
<a class="search-toggle" href="#">
<i class="search-icon fa fa-search"></i>
<i class="search-icon-close fa fa-close"></i>
</a>
</li>
<li class="search-input"><input id="search-tests" class="form-control" type="text" placeholder="Search..."></li>
</ul>
<ul class="nav-right">
<li class="m-r-10">
<a href="#"><span class="badge badge-primary">Smoke Test Report</span></a>
</li>
<li class="m-r-10">
<<<<<<< HEAD
<a href="#"><span class="badge badge-primary">Jul 9, 2023 10:19:31 AM</span></a>
=======
<a href="#"><span class="badge badge-primary">Jul 9, 2023 06:31:05 AM</span></a>
>>>>>>> main
</li>
</ul>
</div>
</div><div class="side-nav">
<div class="side-nav-inner">
<ul class="side-nav-menu">
<li class="nav-item dropdown" onclick="toggleView('dashboard-view')">
<a id="nav-dashboard" class="dropdown-toggle" href="#">
<span class="ico"><i class="fa fa-bar-chart"></i></span>
</a>
</li>
<li class="nav-item dropdown" onclick="toggleView('test-view')">
<a id="nav-test" class="dropdown-toggle" href="#">
<span class="ico"><i class="fa fa-list"></i></span>
</a>
</li>
<li class="nav-item dropdown" onclick="toggleView('category-view')">
<a id="nav-category" class="dropdown-toggle" href="#">
<span class="ico"><i class="fa fa-tag"></i></span>
</a>
</li>
<li class="nav-item dropdown" onclick="toggleView('exception-view')">
<a id="nav-exception" class="dropdown-toggle" href="#">
<span class="ico"><i class="fa fa-bug"></i></span>
</a>
</li>
</ul>
</div>
</div>      <div class="vcontainer">
        <div class="main-content">
<div class="container-fluid p-4 view dashboard-view">
<div class="row">
<div class="col-md-3">
<div class="card"><div class="card-body">
<p class="m-b-0">Started</p>
<<<<<<< HEAD
<h3>Jul 9, 2023 10:19:31 AM</h3>
=======
<h3>Jul 9, 2023 06:31:05 AM</h3>
>>>>>>> main
</div></div>
</div>
<div class="col-md-3">
<div class="card"><div class="card-body">
<p class="m-b-0">Ended</p>
<<<<<<< HEAD
<h3>Jul 9, 2023 10:20:34 AM</h3>
=======
<h3>Jul 9, 2023 06:32:39 AM</h3>
>>>>>>> main
</div></div>
</div>
<div class="col-md-3">
<div class="card"><div class="card-body">
<p class="m-b-0 text-pass">Features Passed</p>
<h3>0</h3>
</div></div>
</div>
<div class="col-md-3">
<div class="card"><div class="card-body">
<p class="m-b-0 text-fail">Features Failed</p>
<h3>1</h3>
</div></div>
</div>
</div>
<div class="row">
<div class="col-md-4">
<div class="card">
<div class="card-header">
<h6 class="card-title">Features</h6>
</div>
<div class="card-body">
<div class="">
<canvas id='parent-analysis' width='115' height='90'></canvas>
</div>
</div>
<div class="card-footer">
<div><small data-tooltip='0%'>
<b>0</b> features passed
</small>
</div>
<div>
<small data-tooltip='100%'><b>1</b> features failed,
<b>0</b> skipped, <b data-tooltip='0%'>0</b> others
</small>
</div>
</div>
</div>
</div>
<div class="col-md-4">
<div class="card">
<div class="card-header">
<h6 class="card-title">Scenarios</h6>
</div>
<div class="card-body">
<div class="">
<canvas id='child-analysis' width='115' height='90'></canvas>
</div>
</div>
<div class="card-footer">
<<<<<<< HEAD
<div><small data-tooltip='66%'><b>2</b> scenarios passed</small></div>
<div>
<small data-tooltip='33%'><b>1</b> scenarios failed,
=======
<div><small data-tooltip='28%'><b>2</b> scenarios passed</small></div>
<div>
<small data-tooltip='71%'><b>5</b> scenarios failed,
>>>>>>> main
<b>0</b> skipped, <b data-tooltip='%'>0</b> others
</small>
</div>
</div>
</div>
</div>
<div class="col-md-4">
<div class="card">
<div class="card-header">
<h6 class="card-title">Steps</h6>
</div>
<div class="card-body">
<div class="">
<canvas id='grandchild-analysis' width='115' height='90'></canvas>
</div>
</div>
<div class="card-footer">
<<<<<<< HEAD
<div><small data-tooltip='95%'><b>19</b> steps passed</small></div>
<div>
<small data-tooltip='5%'><b>1</b> steps failed,
<b>0</b> skipped, <b data-tooltip='%'>0</b> others
=======
<div><small data-tooltip='49%'><b>37</b> steps passed</small></div>
<div>
<small data-tooltip='6%'><b>5</b> steps failed,
<b>33</b> skipped, <b data-tooltip='%'>0</b> others
>>>>>>> main
</small>
</div>
</div>
</div>
</div>
</div>
<div class="row"><div class="col-md-12">
<div class="card"><div class="card-header"><p>Timeline</p></div>
<div class="card-body pt-0"><div>
<canvas id="timeline" height="120"></canvas>
</div></div>
</div>
</div></div>
<script>
var timeline = {
<<<<<<< HEAD
"US_09 Vice Deans should be able to view the lesson list and make updates":61.081
=======
"US_06 Dean should be able to create Vice Dean":92.293
>>>>>>> main
};
</script>
<div class="row">
<div class="col-lg-6 col-md-12 category-container">
<div class="card">
<div class="card-header"><p>Tags</p></div>
<div class="card-body pb-0 pt-0"><table class="table table-sm table-bordered">
<thead><tr class="bg-gray"><th>Name</th><th>Passed</th><th>Failed</th><th>Skipped</th><th>Others</th><th>Passed %</th></tr></thead><tbody>
<tr>
<<<<<<< HEAD
<td>@US_09</td>
<td>2</td>
<td>1</td>
<td>0</td>
<td>0</td>
<td>66.667%</td>
=======
<td>@US_06_UI</td>
<td>2</td>
<td>5</td>
<td>0</td>
<td>0</td>
<td>28.571%</td>
</tr>
<tr>
<td>@US_06_TC_010</td>
<td>2</td>
<td>5</td>
<td>0</td>
<td>0</td>
<td>28.571%</td>
>>>>>>> main
</tr>
</tbody>
</table></div>
</div>
</div>
<div class="col-lg-6 col-md-12 sysenv-container">
<div class="card">
<div class="card-header"><p>System/Environment</p></div>
<div class="card-body pb-0 pt-0"><table class="table table-sm table-bordered">
<thead><tr class="bg-gray"><th>Name</th><th>Value</th></tr></thead>
<tbody>
<tr>
<td>os</td>
<td>Windows</td>
</tr>
</tbody>
</table></div>
</div>
</div>
</div>
</div>
<script>
var statusGroup = {
parentCount: 5,
passParent: 0,
failParent: 1,
warningParent: 0,
skipParent: 0,
childCount: 5,
passChild: 2,
<<<<<<< HEAD
failChild: 1,
=======
failChild: 5,
>>>>>>> main
warningChild: 0,
skipChild: 0,
infoChild: 0,
grandChildCount: 5,
<<<<<<< HEAD
passGrandChild: 19,
failGrandChild: 1,
=======
passGrandChild: 37,
failGrandChild: 5,
>>>>>>> main
warningGrandChild: 0,
skipGrandChild: 33,
infoGrandChild: 0,
eventsCount: 5,
};
</script><div class="test-wrapper row view test-view">
  <div class="test-list">
    <div class="test-list-tools">
<ul class="tools pull-left">
<li><a href="#"><span class="font-size-14">Tests</span></a></li>
</ul>
<ul class="tools text-right">
<li class="dropdown">
<a href="#" class="dropdown-toggle" data-toggle="dropdown"><i class="fa fa-exclamation-circle"></i></a>
<ul id="status-toggle" class="dropdown-menu dropdown-md p-v-0">
<a class="dropdown-item" status="fail" href="#"><span>Fail</span><span class="status danger"></span></a>
<div class="dropdown-divider"></div>
<a status="clear" class="dropdown-item" href="#"><span>Clear</span><span class="pull-right"><i class="fa fa-close"></i></span></a>
</ul>
</li>
<li class="dropdown">
<a href="#" class="dropdown-toggle" data-toggle="dropdown"><i class="fa fa-tag"></i></a>
<ul id="tag-toggle" class="dropdown-menu dropdown-md p-v-0">
<<<<<<< HEAD
<a class="dropdown-item" href="#">@US_09</a>
=======
<a class="dropdown-item" href="#">@US_06_UI</a><a class="dropdown-item" href="#">@US_06_TC_010</a>
>>>>>>> main
</ul>
</li>
</ul>
</div>    <div class="test-list-wrapper scrollable">
      <ul class="test-list-item">
        <li class="test-item"  status="fail" test-id="1"
          author=""
          tag=""
          device="">
          <div class="test-detail">
            <p class="name">US_09  Vice Deans should be able to view the lesson list and make updates</p>
            <p class="text-sm">
<<<<<<< HEAD
              <span>10:19:33 AM</span> / <span>00:01:01:081</span>
=======
              <span>6:31:06 AM</span> / <span>00:01:32:293</span>
>>>>>>> main
              <span class="badge fail-bg log float-right">Fail</span>
            </p>
          </div>
          <div class="test-contents d-none">
<div class="detail-head">
<div class="p-v-10">
<div class="info">
<<<<<<< HEAD
<h5 class="test-status text-fail">US_09 Vice Deans should be able to view the lesson list and make updates</h5>
<span class='badge badge-success'>07.09.2023 10:19:33 AM</span>
<span class='badge badge-danger'>07.09.2023 10:20:34 AM</span>
<span class='badge badge-default'>00:01:01:081</span>
=======
<h5 class="test-status text-fail">US_06 Dean should be able to create Vice Dean</h5>
<span class='badge badge-success'>07.09.2023 6:31:06 AM</span>
<span class='badge badge-danger'>07.09.2023 6:32:38 AM</span>
<span class='badge badge-default'>00:01:32:293</span>
>>>>>>> main
&middot; <span class='uri-anchor badge badge-default'>#test-id=1</span>
<span class='badge badge-default pointer float-right ml-1 et'><i class="fa fa-chevron-down"></i></span>
<span class='badge badge-default pointer float-right ct'><i class="fa fa-chevron-up"></i></span>
</div>
<div class="m-t-10 m-l-5"></div>
</div>
</div>
<div class="accordion mt-4">
  <div class="card">
    <div class="card-header" role="tab">
      <div class="card-title">
<<<<<<< HEAD
        <div class="node" id="2"><span class="badge log pass-bg mr-2">Pass</span>US_09 TC_001 Vice Deans should be able to view the lesson list and make updates</div>
      </div>
    </div>
        <div class="collapse">
          <div class="card-body">
              <div class="step pass-bg" title="stepdefinitions.US_08_StepDefs.vice_deans_navigates_to_login_link()">
                <span>Given Vice Deans navigates to LoginLink</span>
      <div>
      </div>
              </div>
              <div class="step pass-bg" title="stepdefinitions.US_08_StepDefs.vice_deans_enter_user_name()">
                <span>Then Vice Deans enter user name</span>
      <div>
      </div>
              </div>
              <div class="step pass-bg" title="stepdefinitions.US_08_StepDefs.vice_deans_enter_password()">
                <span>And Vice Deans enter password</span>
      <div>
      </div>
              </div>
              <div class="step pass-bg" title="stepdefinitions.US_08_StepDefs.vice_deans_click_on_login_button()">
                <span>And Vice Deans click on Login button</span>
      <div>
      </div>
              </div>
              <div class="step pass-bg" title="stepdefinitions.US_08_StepDefs.vice_deans_click_on_lesson_button()">
                <span>And Vice Deans click on Lesson button</span>
      <div>
      </div>
              </div>
              <div class="step pass-bg" title="stepdefinitions.US_09_stepDefs.ysaVerifiesTheLessonNameCompulsoryAndCreditScoreAreVisibleCreated()">
                <span>Then YSA verifies the Lesson Name, Compulsory and Credit Score are visible created.</span>
      <div>
      </div>
              </div>
          </div>
        </div>
  </div>
  <div class="card">
    <div class="card-header" role="tab">
      <div class="card-title">
        <div class="node" id="11"><span class="badge log fail-bg mr-2">Fail</span>US_09 TC_002 Vice Deans should be able to delete the lesson.</div>
          <div class="status-avatar float-right mr-4">
            <i class="fa fa-paperclip"></i>
          </div>
      </div>
    </div>
        <div class="">
          <div class="card-body">
              <div class="step pass-bg" title="stepdefinitions.US_08_StepDefs.vice_deans_navigates_to_login_link()">
                <span>Given Vice Deans navigates to LoginLink</span>
      <div>
      </div>
              </div>
              <div class="step pass-bg" title="stepdefinitions.US_08_StepDefs.vice_deans_enter_user_name()">
                <span>Then Vice Deans enter user name</span>
      <div>
      </div>
              </div>
              <div class="step pass-bg" title="stepdefinitions.US_08_StepDefs.vice_deans_enter_password()">
                <span>And Vice Deans enter password</span>
      <div>
      </div>
              </div>
              <div class="step pass-bg" title="stepdefinitions.US_08_StepDefs.vice_deans_click_on_login_button()">
                <span>And Vice Deans click on Login button</span>
      <div>
      </div>
              </div>
              <div class="step pass-bg" title="stepdefinitions.US_08_StepDefs.vice_deans_click_on_lesson_button()">
                <span>And Vice Deans click on Lesson button</span>
      <div>
      </div>
              </div>
              <div class="step pass-bg" title="stepdefinitions.US_09_stepDefs.ysaAddsANewLesson()">
                <span>Given YSA adds a new lesson</span>
      <div>
      </div>
              </div>
              <div class="step fail-bg" title="stepdefinitions.US_09_stepDefs.ysaDeletesTheAddedLesson()">
                <span>And YSA deletes the added lesson.</span>
      <div>
        <textarea disabled class="code-block">java.lang.AssertionError
	at org.junit.Assert.fail(Assert.java:87)
	at org.junit.Assert.assertTrue(Assert.java:42)
	at org.junit.Assert.assertTrue(Assert.java:53)
	at stepdefinitions.US_09_stepDefs.ysaDeletesTheAddedLesson(US_09_stepDefs.java:72)
	at ✽.YSA deletes the added lesson.(file:///C:/Users/packard%20bell/IdeaProjects/managementOnSchools_05/./src/test/resources/features/US_09_ViceDeanViewLessons/UI_Test01.feature:16)
</textarea>
      
      </div>
              </div>
              <div class="step pass-bg" title="AFTER">
                <span>hooks.Hooks.tearDown(io.cucumber.java.Scenario)</span>
      <div>screenshots
          <div class="row mb-3"><div class="col-md-3">
<img data-featherlight='../embedded1.png' src="../embedded1.png">
    
    </div></div>
</div>
      <div>
      </div>
              </div>
          </div>
        </div>
  </div>
  <div class="card">
    <div class="card-header" role="tab">
      <div class="card-title">
        <div class="node" id="21"><span class="badge log pass-bg mr-2">Pass</span>US_09 TC_003 Vive Deans should be able to update the lesson information.</div>
      </div>
    </div>
        <div class="collapse">
          <div class="card-body">
              <div class="step pass-bg" title="stepdefinitions.US_08_StepDefs.vice_deans_navigates_to_login_link()">
                <span>Given Vice Deans navigates to LoginLink</span>
      <div>
      </div>
              </div>
              <div class="step pass-bg" title="stepdefinitions.US_08_StepDefs.vice_deans_enter_user_name()">
                <span>Then Vice Deans enter user name</span>
      <div>
      </div>
              </div>
              <div class="step pass-bg" title="stepdefinitions.US_08_StepDefs.vice_deans_enter_password()">
                <span>And Vice Deans enter password</span>
      <div>
      </div>
              </div>
              <div class="step pass-bg" title="stepdefinitions.US_08_StepDefs.vice_deans_click_on_login_button()">
                <span>And Vice Deans click on Login button</span>
      <div>
      </div>
              </div>
              <div class="step pass-bg" title="stepdefinitions.US_08_StepDefs.vice_deans_click_on_lesson_button()">
                <span>And Vice Deans click on Lesson button</span>
      <div>
      </div>
              </div>
              <div class="step pass-bg" title="stepdefinitions.US_09_stepDefs.ysaIsAbleToUpdateTheLessonInformation()">
                <span>And YSA is able to update the lesson information</span>
=======
        <div class="node" id="2"><span class="badge log fail-bg mr-2">Fail</span>: TC_010 User can NOT create Vice Dean by entering required credentials except and invalid "Password" "Negative Test"</div>
          <div class="status-avatar float-right mr-4">
            <i class="fa fa-paperclip"></i>
          </div>
      </div>
    </div>
        <div class="scenario_outline ">
            <div class="card-body l1">
              <div class="card-header">
                <div class="card-title outline-child">
                  <div class="node" id="3"><span class="badge log pass-bg mr-2">Pass</span>: TC_010 User can NOT create Vice Dean by entering required credentials except and invalid "Password" "Negative Test"</div>
                </div>
              </div>
              <div class="card-body mt-3 collapse">
                  <div class="step pass-bg">
                    <span>Given user goes to "MosUrl"</span>
      <div>
      </div>
                  </div>
                  <div class="step pass-bg">
                    <span>When user clicks on login button</span>
      <div>
      </div>
                  </div>
                  <div class="step pass-bg">
                    <span>And user enters username "deanNecminson01"</span>
      <div>
      </div>
                  </div>
                  <div class="step pass-bg">
                    <span>And user enters admin password "87651234"</span>
      <div>
      </div>
                  </div>
                  <div class="step pass-bg">
                    <span>And user clicks on login button for enter</span>
      <div>
      </div>
                  </div>
                  <div class="step pass-bg">
                    <span>Given user fills all required credentials except password</span>
      <div>
      </div>
                  </div>
                  <div class="step pass-bg">
                    <span>And user enters an invalid  ""</span>
      <div>
      </div>
                  </div>
                  <div class="step pass-bg">
                    <span>And user clicks submit button</span>
>>>>>>> main
      <div>
      </div>
                  </div>
                  <div class="step pass-bg">
                    <span>Then verify new Vice Dean is not created</span>
      <div>
      </div>
                  </div>
                  <div class="step pass-bg">
                    <span>And close the application</span>
      <div>
      </div>
                  </div>
              </div>
            </div>
            <div class="card-body l1">
              <div class="card-header">
                <div class="card-title outline-child">
                  <div class="node" id="16"><span class="badge log pass-bg mr-2">Pass</span>: TC_010 User can NOT create Vice Dean by entering required credentials except and invalid "Password" "Negative Test"</div>
                </div>
              </div>
              <div class="card-body mt-3 collapse">
                  <div class="step pass-bg">
                    <span>Given user goes to "MosUrl"</span>
      <div>
      </div>
                  </div>
                  <div class="step pass-bg">
                    <span>When user clicks on login button</span>
      <div>
      </div>
                  </div>
                  <div class="step pass-bg">
                    <span>And user enters username "deanNecminson01"</span>
      <div>
      </div>
                  </div>
                  <div class="step pass-bg">
                    <span>And user enters admin password "87651234"</span>
      <div>
      </div>
                  </div>
                  <div class="step pass-bg">
                    <span>And user clicks on login button for enter</span>
      <div>
      </div>
                  </div>
                  <div class="step pass-bg">
                    <span>Given user fills all required credentials except password</span>
      <div>
      </div>
                  </div>
                  <div class="step pass-bg">
                    <span>And user enters an invalid  "Qa38"</span>
      <div>
      </div>
                  </div>
                  <div class="step pass-bg">
                    <span>And user clicks submit button</span>
      <div>
      </div>
                  </div>
                  <div class="step pass-bg">
                    <span>Then verify new Vice Dean is not created</span>
      <div>
      </div>
                  </div>
                  <div class="step pass-bg">
                    <span>And close the application</span>
      <div>
      </div>
                  </div>
              </div>
            </div>
            <div class="card-body l1">
              <div class="card-header">
                <div class="card-title outline-child">
                  <div class="node" id="29"><span class="badge log fail-bg mr-2">Fail</span>: TC_010 User can NOT create Vice Dean by entering required credentials except and invalid "Password" "Negative Test"</div>
                    <div class="status-avatar float-right">
                      <i class="fa fa-paperclip"></i>
                    </div>
                </div>
              </div>
              <div class="card-body mt-3 ">
                  <div class="step pass-bg">
                    <span>Given user goes to "MosUrl"</span>
      <div>
      </div>
                  </div>
                  <div class="step pass-bg">
                    <span>When user clicks on login button</span>
      <div>
      </div>
                  </div>
                  <div class="step pass-bg">
                    <span>And user enters username "deanNecminson01"</span>
      <div>
      </div>
                  </div>
                  <div class="step pass-bg">
                    <span>And user enters admin password "87651234"</span>
      <div>
      </div>
                  </div>
                  <div class="step pass-bg">
                    <span>And user clicks on login button for enter</span>
      <div>
      </div>
                  </div>
                  <div class="step pass-bg">
                    <span>Given user fills all required credentials except password</span>
      <div>
      </div>
                  </div>
                  <div class="step pass-bg">
                    <span>And user enters an invalid  "q3843646"</span>
      <div>
      </div>
                  </div>
                  <div class="step pass-bg">
                    <span>And user clicks submit button</span>
      <div>
      </div>
                  </div>
                  <div class="step fail-bg">
                    <span>Then verify new Vice Dean is not created</span>
      <div>
        <textarea disabled class="code-block">java.lang.AssertionError
	at org.junit.Assert.fail(Assert.java:87)
	at org.junit.Assert.assertTrue(Assert.java:42)
	at org.junit.Assert.assertFalse(Assert.java:65)
	at org.junit.Assert.assertFalse(Assert.java:75)
	at stepdefinitions.US_06_UI_AddViceDeanStepDefs.verify_new_vice_dean_is_not_created(US_06_UI_AddViceDeanStepDefs.java:69)
	at ✽.verify new Vice Dean is not created(file:///D:/Java%20Dersleri/TimeToLearnJava/managementOnSchools_05/./src/test/resources/features/US_06_DeanCanCreateVDean/UI_Test_Positive_And_Negative_Tests.feature:80)
</textarea>
      
      </div>
                  </div>
                  <div class="step skip-bg">
                    <span>And close the application</span>
      <div>Step skipped
      </div>
                  </div>
                  <div class="step pass-bg">
                    <span>hooks.Hooks.tearDown(io.cucumber.java.Scenario)</span>
      <div>screenshots
          <div class="row mb-3"><div class="col-md-3">
<img data-featherlight='../embedded1.png' src="../embedded1.png">
    
    </div></div>
</div>
      <div>
      </div>
                  </div>
              </div>
            </div>
            <div class="card-body l1">
              <div class="card-header">
                <div class="card-title outline-child">
                  <div class="node" id="42"><span class="badge log fail-bg mr-2">Fail</span>: TC_010 User can NOT create Vice Dean by entering required credentials except and invalid "Password" "Negative Test"</div>
                    <div class="status-avatar float-right">
                      <i class="fa fa-paperclip"></i>
                    </div>
                </div>
              </div>
              <div class="card-body mt-3 ">
                  <div class="step pass-bg">
                    <span>Given user goes to "MosUrl"</span>
      <div>
      </div>
                  </div>
                  <div class="step fail-bg">
                    <span>When user clicks on login button</span>
      <div>
        <textarea disabled class="code-block">org.openqa.selenium.NoSuchElementException: no such element: Unable to locate element: {"method":"xpath","selector":"//a[@href='/login']"}
  (Session info: chrome=114.0.5735.199)
For documentation on this error, please visit: https://www.selenium.dev/documentation/webdriver/troubleshooting/errors#no-such-element-exception
Build info: version: '4.10.0', revision: 'c14d967899'
System info: os.name: 'Windows 10', os.arch: 'amd64', os.version: '10.0', java.version: '19.0.2'
Driver info: org.openqa.selenium.chrome.ChromeDriver
Command: [e2dd3bdc122f891e596ccb1954afd0ee, findElement {using=xpath, value=//a[@href='/login']}]
Capabilities {acceptInsecureCerts: false, browserName: chrome, browserVersion: 114.0.5735.199, chrome: {chromedriverVersion: 114.0.5735.90 (386bc09e8f4f..., userDataDir: C:\Users\necme\AppData\Loca...}, goog:chromeOptions: {debuggerAddress: localhost:54195}, networkConnectionEnabled: false, pageLoadStrategy: normal, platformName: windows, proxy: Proxy(), se:cdp: ws://localhost:54195/devtoo..., se:cdpVersion: 114.0.5735.199, setWindowRect: true, strictFileInteractability: false, timeouts: {implicit: 0, pageLoad: 300000, script: 30000}, unhandledPromptBehavior: dismiss and notify, webauthn:extension:credBlob: true, webauthn:extension:largeBlob: true, webauthn:extension:minPinLength: true, webauthn:extension:prf: true, webauthn:virtualAuthenticators: true}
Session ID: e2dd3bdc122f891e596ccb1954afd0ee
	at java.base/jdk.internal.reflect.DirectConstructorHandleAccessor.newInstance(DirectConstructorHandleAccessor.java:67)
	at java.base/java.lang.reflect.Constructor.newInstanceWithCaller(Constructor.java:500)
	at java.base/java.lang.reflect.Constructor.newInstance(Constructor.java:484)
	at org.openqa.selenium.remote.codec.w3c.W3CHttpResponseCodec.createException(W3CHttpResponseCodec.java:199)
	at org.openqa.selenium.remote.codec.w3c.W3CHttpResponseCodec.decode(W3CHttpResponseCodec.java:132)
	at org.openqa.selenium.remote.codec.w3c.W3CHttpResponseCodec.decode(W3CHttpResponseCodec.java:51)
	at org.openqa.selenium.remote.HttpCommandExecutor.execute(HttpCommandExecutor.java:191)
	at org.openqa.selenium.remote.service.DriverCommandExecutor.invokeExecute(DriverCommandExecutor.java:196)
	at org.openqa.selenium.remote.service.DriverCommandExecutor.execute(DriverCommandExecutor.java:171)
	at org.openqa.selenium.remote.RemoteWebDriver.execute(RemoteWebDriver.java:531)
	at org.openqa.selenium.remote.ElementLocation$ElementFinder$2.findElement(ElementLocation.java:165)
	at org.openqa.selenium.remote.ElementLocation.findElement(ElementLocation.java:59)
	at org.openqa.selenium.remote.RemoteWebDriver.findElement(RemoteWebDriver.java:350)
	at org.openqa.selenium.remote.RemoteWebDriver.findElement(RemoteWebDriver.java:344)
	at org.openqa.selenium.support.pagefactory.DefaultElementLocator.findElement(DefaultElementLocator.java:68)
	at org.openqa.selenium.support.pagefactory.internal.LocatingElementHandler.invoke(LocatingElementHandler.java:38)
	at jdk.proxy2/jdk.proxy2.$Proxy33.click(Unknown Source)
	at stepdefinitions.US_04_AddDeanStepDefs.user_clicks_on_login_button(US_04_AddDeanStepDefs.java:31)
	at ✽.user clicks on login button(file:///D:/Java%20Dersleri/TimeToLearnJava/managementOnSchools_05/./src/test/resources/features/US_06_DeanCanCreateVDean/UI_Test_Positive_And_Negative_Tests.feature:6)
</textarea>
      
      </div>
                  </div>
                  <div class="step skip-bg">
                    <span>And user enters username "deanNecminson01"</span>
      <div>Step skipped
      </div>
                  </div>
                  <div class="step skip-bg">
                    <span>And user enters admin password "87651234"</span>
      <div>Step skipped
      </div>
                  </div>
                  <div class="step skip-bg">
                    <span>And user clicks on login button for enter</span>
      <div>Step skipped
      </div>
                  </div>
                  <div class="step skip-bg">
                    <span>Given user fills all required credentials except password</span>
      <div>Step skipped
      </div>
                  </div>
                  <div class="step skip-bg">
                    <span>And user enters an invalid  "Q3843646"</span>
      <div>Step skipped
      </div>
                  </div>
                  <div class="step skip-bg">
                    <span>And user clicks submit button</span>
      <div>Step skipped
      </div>
                  </div>
                  <div class="step skip-bg">
                    <span>Then verify new Vice Dean is not created</span>
      <div>Step skipped
      </div>
                  </div>
                  <div class="step skip-bg">
                    <span>And close the application</span>
      <div>Step skipped
      </div>
                  </div>
                  <div class="step pass-bg">
                    <span>hooks.Hooks.tearDown(io.cucumber.java.Scenario)</span>
      <div>screenshots
          <div class="row mb-3"><div class="col-md-3">
<img data-featherlight='../embedded2.png' src="../embedded2.png">
    
    </div></div>
</div>
      <div>
      </div>
                  </div>
              </div>
            </div>
            <div class="card-body l1">
              <div class="card-header">
                <div class="card-title outline-child">
                  <div class="node" id="55"><span class="badge log fail-bg mr-2">Fail</span>: TC_010 User can NOT create Vice Dean by entering required credentials except and invalid "Password" "Negative Test"</div>
                    <div class="status-avatar float-right">
                      <i class="fa fa-paperclip"></i>
                    </div>
                </div>
              </div>
              <div class="card-body mt-3 ">
                  <div class="step pass-bg">
                    <span>Given user goes to "MosUrl"</span>
      <div>
      </div>
                  </div>
                  <div class="step fail-bg">
                    <span>When user clicks on login button</span>
      <div>
        <textarea disabled class="code-block">org.openqa.selenium.NoSuchElementException: no such element: Unable to locate element: {"method":"xpath","selector":"//a[@href='/login']"}
  (Session info: chrome=114.0.5735.199)
For documentation on this error, please visit: https://www.selenium.dev/documentation/webdriver/troubleshooting/errors#no-such-element-exception
Build info: version: '4.10.0', revision: 'c14d967899'
System info: os.name: 'Windows 10', os.arch: 'amd64', os.version: '10.0', java.version: '19.0.2'
Driver info: org.openqa.selenium.chrome.ChromeDriver
Command: [e2dd3bdc122f891e596ccb1954afd0ee, findElement {using=xpath, value=//a[@href='/login']}]
Capabilities {acceptInsecureCerts: false, browserName: chrome, browserVersion: 114.0.5735.199, chrome: {chromedriverVersion: 114.0.5735.90 (386bc09e8f4f..., userDataDir: C:\Users\necme\AppData\Loca...}, goog:chromeOptions: {debuggerAddress: localhost:54195}, networkConnectionEnabled: false, pageLoadStrategy: normal, platformName: windows, proxy: Proxy(), se:cdp: ws://localhost:54195/devtoo..., se:cdpVersion: 114.0.5735.199, setWindowRect: true, strictFileInteractability: false, timeouts: {implicit: 0, pageLoad: 300000, script: 30000}, unhandledPromptBehavior: dismiss and notify, webauthn:extension:credBlob: true, webauthn:extension:largeBlob: true, webauthn:extension:minPinLength: true, webauthn:extension:prf: true, webauthn:virtualAuthenticators: true}
Session ID: e2dd3bdc122f891e596ccb1954afd0ee
	at java.base/jdk.internal.reflect.DirectConstructorHandleAccessor.newInstance(DirectConstructorHandleAccessor.java:67)
	at java.base/java.lang.reflect.Constructor.newInstanceWithCaller(Constructor.java:500)
	at java.base/java.lang.reflect.Constructor.newInstance(Constructor.java:484)
	at org.openqa.selenium.remote.codec.w3c.W3CHttpResponseCodec.createException(W3CHttpResponseCodec.java:199)
	at org.openqa.selenium.remote.codec.w3c.W3CHttpResponseCodec.decode(W3CHttpResponseCodec.java:132)
	at org.openqa.selenium.remote.codec.w3c.W3CHttpResponseCodec.decode(W3CHttpResponseCodec.java:51)
	at org.openqa.selenium.remote.HttpCommandExecutor.execute(HttpCommandExecutor.java:191)
	at org.openqa.selenium.remote.service.DriverCommandExecutor.invokeExecute(DriverCommandExecutor.java:196)
	at org.openqa.selenium.remote.service.DriverCommandExecutor.execute(DriverCommandExecutor.java:171)
	at org.openqa.selenium.remote.RemoteWebDriver.execute(RemoteWebDriver.java:531)
	at org.openqa.selenium.remote.ElementLocation$ElementFinder$2.findElement(ElementLocation.java:165)
	at org.openqa.selenium.remote.ElementLocation.findElement(ElementLocation.java:59)
	at org.openqa.selenium.remote.RemoteWebDriver.findElement(RemoteWebDriver.java:350)
	at org.openqa.selenium.remote.RemoteWebDriver.findElement(RemoteWebDriver.java:344)
	at org.openqa.selenium.support.pagefactory.DefaultElementLocator.findElement(DefaultElementLocator.java:68)
	at org.openqa.selenium.support.pagefactory.internal.LocatingElementHandler.invoke(LocatingElementHandler.java:38)
	at jdk.proxy2/jdk.proxy2.$Proxy33.click(Unknown Source)
	at stepdefinitions.US_04_AddDeanStepDefs.user_clicks_on_login_button(US_04_AddDeanStepDefs.java:31)
	at ✽.user clicks on login button(file:///D:/Java%20Dersleri/TimeToLearnJava/managementOnSchools_05/./src/test/resources/features/US_06_DeanCanCreateVDean/UI_Test_Positive_And_Negative_Tests.feature:6)
</textarea>
      
      </div>
                  </div>
                  <div class="step skip-bg">
                    <span>And user enters username "deanNecminson01"</span>
      <div>Step skipped
      </div>
                  </div>
                  <div class="step skip-bg">
                    <span>And user enters admin password "87651234"</span>
      <div>Step skipped
      </div>
                  </div>
                  <div class="step skip-bg">
                    <span>And user clicks on login button for enter</span>
      <div>Step skipped
      </div>
                  </div>
                  <div class="step skip-bg">
                    <span>Given user fills all required credentials except password</span>
      <div>Step skipped
      </div>
                  </div>
                  <div class="step skip-bg">
                    <span>And user enters an invalid  "38436467"</span>
      <div>Step skipped
      </div>
                  </div>
                  <div class="step skip-bg">
                    <span>And user clicks submit button</span>
      <div>Step skipped
      </div>
                  </div>
                  <div class="step skip-bg">
                    <span>Then verify new Vice Dean is not created</span>
      <div>Step skipped
      </div>
                  </div>
                  <div class="step skip-bg">
                    <span>And close the application</span>
      <div>Step skipped
      </div>
                  </div>
                  <div class="step pass-bg">
                    <span>hooks.Hooks.tearDown(io.cucumber.java.Scenario)</span>
      <div>screenshots
          <div class="row mb-3"><div class="col-md-3">
<img data-featherlight='../embedded3.png' src="../embedded3.png">
    
    </div></div>
</div>
      <div>
      </div>
                  </div>
              </div>
            </div>
            <div class="card-body l1">
              <div class="card-header">
                <div class="card-title outline-child">
                  <div class="node" id="68"><span class="badge log fail-bg mr-2">Fail</span>: TC_010 User can NOT create Vice Dean by entering required credentials except and invalid "Password" "Negative Test"</div>
                    <div class="status-avatar float-right">
                      <i class="fa fa-paperclip"></i>
                    </div>
                </div>
              </div>
              <div class="card-body mt-3 ">
                  <div class="step pass-bg">
                    <span>Given user goes to "MosUrl"</span>
      <div>
      </div>
                  </div>
                  <div class="step fail-bg">
                    <span>When user clicks on login button</span>
      <div>
        <textarea disabled class="code-block">org.openqa.selenium.NoSuchElementException: no such element: Unable to locate element: {"method":"xpath","selector":"//a[@href='/login']"}
  (Session info: chrome=114.0.5735.199)
For documentation on this error, please visit: https://www.selenium.dev/documentation/webdriver/troubleshooting/errors#no-such-element-exception
Build info: version: '4.10.0', revision: 'c14d967899'
System info: os.name: 'Windows 10', os.arch: 'amd64', os.version: '10.0', java.version: '19.0.2'
Driver info: org.openqa.selenium.chrome.ChromeDriver
Command: [e2dd3bdc122f891e596ccb1954afd0ee, findElement {using=xpath, value=//a[@href='/login']}]
Capabilities {acceptInsecureCerts: false, browserName: chrome, browserVersion: 114.0.5735.199, chrome: {chromedriverVersion: 114.0.5735.90 (386bc09e8f4f..., userDataDir: C:\Users\necme\AppData\Loca...}, goog:chromeOptions: {debuggerAddress: localhost:54195}, networkConnectionEnabled: false, pageLoadStrategy: normal, platformName: windows, proxy: Proxy(), se:cdp: ws://localhost:54195/devtoo..., se:cdpVersion: 114.0.5735.199, setWindowRect: true, strictFileInteractability: false, timeouts: {implicit: 0, pageLoad: 300000, script: 30000}, unhandledPromptBehavior: dismiss and notify, webauthn:extension:credBlob: true, webauthn:extension:largeBlob: true, webauthn:extension:minPinLength: true, webauthn:extension:prf: true, webauthn:virtualAuthenticators: true}
Session ID: e2dd3bdc122f891e596ccb1954afd0ee
	at java.base/jdk.internal.reflect.DirectConstructorHandleAccessor.newInstance(DirectConstructorHandleAccessor.java:67)
	at java.base/java.lang.reflect.Constructor.newInstanceWithCaller(Constructor.java:500)
	at java.base/java.lang.reflect.Constructor.newInstance(Constructor.java:484)
	at org.openqa.selenium.remote.codec.w3c.W3CHttpResponseCodec.createException(W3CHttpResponseCodec.java:199)
	at org.openqa.selenium.remote.codec.w3c.W3CHttpResponseCodec.decode(W3CHttpResponseCodec.java:132)
	at org.openqa.selenium.remote.codec.w3c.W3CHttpResponseCodec.decode(W3CHttpResponseCodec.java:51)
	at org.openqa.selenium.remote.HttpCommandExecutor.execute(HttpCommandExecutor.java:191)
	at org.openqa.selenium.remote.service.DriverCommandExecutor.invokeExecute(DriverCommandExecutor.java:196)
	at org.openqa.selenium.remote.service.DriverCommandExecutor.execute(DriverCommandExecutor.java:171)
	at org.openqa.selenium.remote.RemoteWebDriver.execute(RemoteWebDriver.java:531)
	at org.openqa.selenium.remote.ElementLocation$ElementFinder$2.findElement(ElementLocation.java:165)
	at org.openqa.selenium.remote.ElementLocation.findElement(ElementLocation.java:59)
	at org.openqa.selenium.remote.RemoteWebDriver.findElement(RemoteWebDriver.java:350)
	at org.openqa.selenium.remote.RemoteWebDriver.findElement(RemoteWebDriver.java:344)
	at org.openqa.selenium.support.pagefactory.DefaultElementLocator.findElement(DefaultElementLocator.java:68)
	at org.openqa.selenium.support.pagefactory.internal.LocatingElementHandler.invoke(LocatingElementHandler.java:38)
	at jdk.proxy2/jdk.proxy2.$Proxy33.click(Unknown Source)
	at stepdefinitions.US_04_AddDeanStepDefs.user_clicks_on_login_button(US_04_AddDeanStepDefs.java:31)
	at ✽.user clicks on login button(file:///D:/Java%20Dersleri/TimeToLearnJava/managementOnSchools_05/./src/test/resources/features/US_06_DeanCanCreateVDean/UI_Test_Positive_And_Negative_Tests.feature:6)
</textarea>
      
      </div>
                  </div>
                  <div class="step skip-bg">
                    <span>And user enters username "deanNecminson01"</span>
      <div>Step skipped
      </div>
                  </div>
                  <div class="step skip-bg">
                    <span>And user enters admin password "87651234"</span>
      <div>Step skipped
      </div>
                  </div>
                  <div class="step skip-bg">
                    <span>And user clicks on login button for enter</span>
      <div>Step skipped
      </div>
                  </div>
                  <div class="step skip-bg">
                    <span>Given user fills all required credentials except password</span>
      <div>Step skipped
      </div>
                  </div>
                  <div class="step skip-bg">
                    <span>And user enters an invalid  "hkskaksk"</span>
      <div>Step skipped
      </div>
                  </div>
                  <div class="step skip-bg">
                    <span>And user clicks submit button</span>
      <div>Step skipped
      </div>
                  </div>
                  <div class="step skip-bg">
                    <span>Then verify new Vice Dean is not created</span>
      <div>Step skipped
      </div>
                  </div>
                  <div class="step skip-bg">
                    <span>And close the application</span>
      <div>Step skipped
      </div>
                  </div>
                  <div class="step pass-bg">
                    <span>hooks.Hooks.tearDown(io.cucumber.java.Scenario)</span>
      <div>screenshots
          <div class="row mb-3"><div class="col-md-3">
<img data-featherlight='../embedded4.png' src="../embedded4.png">
    
    </div></div>
</div>
      <div>
      </div>
                  </div>
              </div>
            </div>
            <div class="card-body l1">
              <div class="card-header">
                <div class="card-title outline-child">
                  <div class="node" id="81"><span class="badge log fail-bg mr-2">Fail</span>: TC_010 User can NOT create Vice Dean by entering required credentials except and invalid "Password" "Negative Test"</div>
                    <div class="status-avatar float-right">
                      <i class="fa fa-paperclip"></i>
                    </div>
                </div>
              </div>
              <div class="card-body mt-3 ">
                  <div class="step pass-bg">
                    <span>Given user goes to "MosUrl"</span>
      <div>
      </div>
                  </div>
                  <div class="step fail-bg">
                    <span>When user clicks on login button</span>
      <div>
        <textarea disabled class="code-block">org.openqa.selenium.NoSuchElementException: no such element: Unable to locate element: {"method":"xpath","selector":"//a[@href='/login']"}
  (Session info: chrome=114.0.5735.199)
For documentation on this error, please visit: https://www.selenium.dev/documentation/webdriver/troubleshooting/errors#no-such-element-exception
Build info: version: '4.10.0', revision: 'c14d967899'
System info: os.name: 'Windows 10', os.arch: 'amd64', os.version: '10.0', java.version: '19.0.2'
Driver info: org.openqa.selenium.chrome.ChromeDriver
Command: [e2dd3bdc122f891e596ccb1954afd0ee, findElement {using=xpath, value=//a[@href='/login']}]
Capabilities {acceptInsecureCerts: false, browserName: chrome, browserVersion: 114.0.5735.199, chrome: {chromedriverVersion: 114.0.5735.90 (386bc09e8f4f..., userDataDir: C:\Users\necme\AppData\Loca...}, goog:chromeOptions: {debuggerAddress: localhost:54195}, networkConnectionEnabled: false, pageLoadStrategy: normal, platformName: windows, proxy: Proxy(), se:cdp: ws://localhost:54195/devtoo..., se:cdpVersion: 114.0.5735.199, setWindowRect: true, strictFileInteractability: false, timeouts: {implicit: 0, pageLoad: 300000, script: 30000}, unhandledPromptBehavior: dismiss and notify, webauthn:extension:credBlob: true, webauthn:extension:largeBlob: true, webauthn:extension:minPinLength: true, webauthn:extension:prf: true, webauthn:virtualAuthenticators: true}
Session ID: e2dd3bdc122f891e596ccb1954afd0ee
	at java.base/jdk.internal.reflect.DirectConstructorHandleAccessor.newInstance(DirectConstructorHandleAccessor.java:67)
	at java.base/java.lang.reflect.Constructor.newInstanceWithCaller(Constructor.java:500)
	at java.base/java.lang.reflect.Constructor.newInstance(Constructor.java:484)
	at org.openqa.selenium.remote.codec.w3c.W3CHttpResponseCodec.createException(W3CHttpResponseCodec.java:199)
	at org.openqa.selenium.remote.codec.w3c.W3CHttpResponseCodec.decode(W3CHttpResponseCodec.java:132)
	at org.openqa.selenium.remote.codec.w3c.W3CHttpResponseCodec.decode(W3CHttpResponseCodec.java:51)
	at org.openqa.selenium.remote.HttpCommandExecutor.execute(HttpCommandExecutor.java:191)
	at org.openqa.selenium.remote.service.DriverCommandExecutor.invokeExecute(DriverCommandExecutor.java:196)
	at org.openqa.selenium.remote.service.DriverCommandExecutor.execute(DriverCommandExecutor.java:171)
	at org.openqa.selenium.remote.RemoteWebDriver.execute(RemoteWebDriver.java:531)
	at org.openqa.selenium.remote.ElementLocation$ElementFinder$2.findElement(ElementLocation.java:165)
	at org.openqa.selenium.remote.ElementLocation.findElement(ElementLocation.java:59)
	at org.openqa.selenium.remote.RemoteWebDriver.findElement(RemoteWebDriver.java:350)
	at org.openqa.selenium.remote.RemoteWebDriver.findElement(RemoteWebDriver.java:344)
	at org.openqa.selenium.support.pagefactory.DefaultElementLocator.findElement(DefaultElementLocator.java:68)
	at org.openqa.selenium.support.pagefactory.internal.LocatingElementHandler.invoke(LocatingElementHandler.java:38)
	at jdk.proxy2/jdk.proxy2.$Proxy33.click(Unknown Source)
	at stepdefinitions.US_04_AddDeanStepDefs.user_clicks_on_login_button(US_04_AddDeanStepDefs.java:31)
	at ✽.user clicks on login button(file:///D:/Java%20Dersleri/TimeToLearnJava/managementOnSchools_05/./src/test/resources/features/US_06_DeanCanCreateVDean/UI_Test_Positive_And_Negative_Tests.feature:6)
</textarea>
      
      </div>
                  </div>
                  <div class="step skip-bg">
                    <span>And user enters username "deanNecminson01"</span>
      <div>Step skipped
      </div>
                  </div>
                  <div class="step skip-bg">
                    <span>And user enters admin password "87651234"</span>
      <div>Step skipped
      </div>
                  </div>
                  <div class="step skip-bg">
                    <span>And user clicks on login button for enter</span>
      <div>Step skipped
      </div>
                  </div>
                  <div class="step skip-bg">
                    <span>Given user fills all required credentials except password</span>
      <div>Step skipped
      </div>
                  </div>
                  <div class="step skip-bg">
                    <span>And user enters an invalid  "HKSKAKSK"</span>
      <div>Step skipped
      </div>
                  </div>
                  <div class="step skip-bg">
                    <span>And user clicks submit button</span>
      <div>Step skipped
      </div>
                  </div>
                  <div class="step skip-bg">
                    <span>Then verify new Vice Dean is not created</span>
      <div>Step skipped
      </div>
                  </div>
                  <div class="step skip-bg">
                    <span>And close the application</span>
      <div>Step skipped
      </div>
                  </div>
                  <div class="step pass-bg">
                    <span>hooks.Hooks.tearDown(io.cucumber.java.Scenario)</span>
      <div>screenshots
          <div class="row mb-3"><div class="col-md-3">
<img data-featherlight='../embedded5.png' src="../embedded5.png">
    
    </div></div>
</div>
      <div>
      </div>
                  </div>
              </div>
            </div>
        </div>
  </div>
</div>
          </div>
        </li>
      </ul>
    </div>
  </div>
<div class="test-content scrollable">
<div class="test-content-tools">
<ul><li><a class="back-to-test" href="#"><i class="fa fa-arrow-left"></i></a></li></ul>
</div>
<div class="test-content-detail"><div class="detail-body"></div></div>
</div></div>
<div class="test-wrapper row view category-view attributes-view">
<div class="test-list">
<div class="test-list-tools">
<ul class="tools pull-left"><li><a href=""><span class="font-size-14">Category</span></a></li></ul>
<ul class="tools text-right"><li><a href="#"><span class="badge badge-primary">2</span></a></li></ul>
</div>
<div class="test-list-wrapper scrollable">
<ul class="test-list-item">
<li class="test-item">
<div class="test-detail">
<span class="meta">
<span class='badge log pass-bg'>2</span>
<<<<<<< HEAD
<span class='badge log badge-danger'>1</span>
</span>
<p class="name">@US_09</p>
<p class="duration text-sm">3 tests</p>
</div>
<div class="test-contents d-none">
<div class="info">
<h4>@US_09</h4>
<span status="pass" class='badge log pass-bg'>2 passed</span>
<span status="fail" class='badge log badge-danger'>1 failed</span>
=======
<span class='badge log badge-danger'>5</span>
</span>
<p class="name">@US_06_UI</p>
<p class="duration text-sm">7 tests</p>
</div>
<div class="test-contents d-none">
<div class="info">
<h4>@US_06_UI</h4>
<span status="pass" class='badge log pass-bg'>2 passed</span>
<span status="fail" class='badge log badge-danger'>5 failed</span>
>>>>>>> main
</div>
<table class='table table-sm mt-4'>
<thead>
<tr>
<th class="status-col">Status</th>
<th class="timestamp-col">Timestamp</th>
<th>TestName</th>
</tr>
</thead>
<tbody>
<tr class="tag-test-status" status="pass">
<td><span class="badge log pass-bg">Pass</span></td>
<<<<<<< HEAD
<td>10:19:33 AM</td>
<td>
<a href="#" class="linked" test-id='1' id='2'>US_09 TC_001 Vice Deans should be able to view the lesson list and make updates</a>
<div class="">
<span class="badge badge-default">US_09 Vice Deans should be able to view the lesson list and make updates.US_09 TC_001 Vice Deans should be able to view the lesson list and make updates</span>
</div>
</td>
</tr>
<tr class="tag-test-status" status="fail">
<td><span class="badge log fail-bg">Fail</span></td>
<td>10:20:10 AM</td>
<td>
<a href="#" class="linked" test-id='1' id='11'>US_09 TC_002 Vice Deans should be able to delete the lesson.</a>
<div class="">
<span class="badge badge-default">US_09 Vice Deans should be able to view the lesson list and make updates.US_09 TC_002 Vice Deans should be able to delete the lesson.</span>
=======
<td>06:31:06 AM</td>
<td>
<a href="#" class="linked" test-id='1' id='3'>: TC_010 User can NOT create Vice Dean by entering required credentials except and invalid "Password" "Negative Test"</a>
<div class="">
<span class="badge badge-default">US_06 Dean should be able to create Vice Dean.: TC_010 User can NOT create Vice Dean by entering required credentials except and invalid "Password" "Negative Test"</span>
>>>>>>> main
</div>
</td>
</tr>
<tr class="tag-test-status" status="pass">
<td><span class="badge log pass-bg">Pass</span></td>
<<<<<<< HEAD
<td>10:20:33 AM</td>
<td>
<a href="#" class="linked" test-id='1' id='21'>US_09 TC_003 Vive Deans should be able to update the lesson information.</a>
<div class="">
<span class="badge badge-default">US_09 Vice Deans should be able to view the lesson list and make updates.US_09 TC_003 Vive Deans should be able to update the lesson information.</span>
=======
<td>06:31:25 AM</td>
<td>
<a href="#" class="linked" test-id='1' id='16'>: TC_010 User can NOT create Vice Dean by entering required credentials except and invalid "Password" "Negative Test"</a>
<div class="">
<span class="badge badge-default">US_06 Dean should be able to create Vice Dean.: TC_010 User can NOT create Vice Dean by entering required credentials except and invalid "Password" "Negative Test"</span>
</div>
</td>
</tr>
<tr class="tag-test-status" status="fail">
<td><span class="badge log fail-bg">Fail</span></td>
<td>06:31:41 AM</td>
<td>
<a href="#" class="linked" test-id='1' id='29'>: TC_010 User can NOT create Vice Dean by entering required credentials except and invalid "Password" "Negative Test"</a>
<div class="">
<span class="badge badge-default">US_06 Dean should be able to create Vice Dean.: TC_010 User can NOT create Vice Dean by entering required credentials except and invalid "Password" "Negative Test"</span>
</div>
</td>
</tr>
<tr class="tag-test-status" status="fail">
<td><span class="badge log fail-bg">Fail</span></td>
<td>06:31:54 AM</td>
<td>
<a href="#" class="linked" test-id='1' id='42'>: TC_010 User can NOT create Vice Dean by entering required credentials except and invalid "Password" "Negative Test"</a>
<div class="">
<span class="badge badge-default">US_06 Dean should be able to create Vice Dean.: TC_010 User can NOT create Vice Dean by entering required credentials except and invalid "Password" "Negative Test"</span>
</div>
</td>
</tr>
<tr class="tag-test-status" status="fail">
<td><span class="badge log fail-bg">Fail</span></td>
<td>06:32:05 AM</td>
<td>
<a href="#" class="linked" test-id='1' id='55'>: TC_010 User can NOT create Vice Dean by entering required credentials except and invalid "Password" "Negative Test"</a>
<div class="">
<span class="badge badge-default">US_06 Dean should be able to create Vice Dean.: TC_010 User can NOT create Vice Dean by entering required credentials except and invalid "Password" "Negative Test"</span>
</div>
</td>
</tr>
<tr class="tag-test-status" status="fail">
<td><span class="badge log fail-bg">Fail</span></td>
<td>06:32:17 AM</td>
<td>
<a href="#" class="linked" test-id='1' id='68'>: TC_010 User can NOT create Vice Dean by entering required credentials except and invalid "Password" "Negative Test"</a>
<div class="">
<span class="badge badge-default">US_06 Dean should be able to create Vice Dean.: TC_010 User can NOT create Vice Dean by entering required credentials except and invalid "Password" "Negative Test"</span>
</div>
</td>
</tr>
<tr class="tag-test-status" status="fail">
<td><span class="badge log fail-bg">Fail</span></td>
<td>06:32:27 AM</td>
<td>
<a href="#" class="linked" test-id='1' id='81'>: TC_010 User can NOT create Vice Dean by entering required credentials except and invalid "Password" "Negative Test"</a>
<div class="">
<span class="badge badge-default">US_06 Dean should be able to create Vice Dean.: TC_010 User can NOT create Vice Dean by entering required credentials except and invalid "Password" "Negative Test"</span>
</div>
</td>
</tr>
</tbody>
</table>
</div>
</li>
<li class="test-item">
<div class="test-detail">
<span class="meta">
<span class='badge log pass-bg'>2</span>
<span class='badge log badge-danger'>5</span>
</span>
<p class="name">@US_06_TC_010</p>
<p class="duration text-sm">7 tests</p>
</div>
<div class="test-contents d-none">
<div class="info">
<h4>@US_06_TC_010</h4>
<span status="pass" class='badge log pass-bg'>2 passed</span>
<span status="fail" class='badge log badge-danger'>5 failed</span>
</div>
<table class='table table-sm mt-4'>
<thead>
<tr>
<th class="status-col">Status</th>
<th class="timestamp-col">Timestamp</th>
<th>TestName</th>
</tr>
</thead>
<tbody>
<tr class="tag-test-status" status="pass">
<td><span class="badge log pass-bg">Pass</span></td>
<td>06:31:06 AM</td>
<td>
<a href="#" class="linked" test-id='1' id='3'>: TC_010 User can NOT create Vice Dean by entering required credentials except and invalid "Password" "Negative Test"</a>
<div class="">
<span class="badge badge-default">US_06 Dean should be able to create Vice Dean.: TC_010 User can NOT create Vice Dean by entering required credentials except and invalid "Password" "Negative Test"</span>
</div>
</td>
</tr>
<tr class="tag-test-status" status="pass">
<td><span class="badge log pass-bg">Pass</span></td>
<td>06:31:25 AM</td>
<td>
<a href="#" class="linked" test-id='1' id='16'>: TC_010 User can NOT create Vice Dean by entering required credentials except and invalid "Password" "Negative Test"</a>
<div class="">
<span class="badge badge-default">US_06 Dean should be able to create Vice Dean.: TC_010 User can NOT create Vice Dean by entering required credentials except and invalid "Password" "Negative Test"</span>
</div>
</td>
</tr>
<tr class="tag-test-status" status="fail">
<td><span class="badge log fail-bg">Fail</span></td>
<td>06:31:41 AM</td>
<td>
<a href="#" class="linked" test-id='1' id='29'>: TC_010 User can NOT create Vice Dean by entering required credentials except and invalid "Password" "Negative Test"</a>
<div class="">
<span class="badge badge-default">US_06 Dean should be able to create Vice Dean.: TC_010 User can NOT create Vice Dean by entering required credentials except and invalid "Password" "Negative Test"</span>
</div>
</td>
</tr>
<tr class="tag-test-status" status="fail">
<td><span class="badge log fail-bg">Fail</span></td>
<td>06:31:54 AM</td>
<td>
<a href="#" class="linked" test-id='1' id='42'>: TC_010 User can NOT create Vice Dean by entering required credentials except and invalid "Password" "Negative Test"</a>
<div class="">
<span class="badge badge-default">US_06 Dean should be able to create Vice Dean.: TC_010 User can NOT create Vice Dean by entering required credentials except and invalid "Password" "Negative Test"</span>
</div>
</td>
</tr>
<tr class="tag-test-status" status="fail">
<td><span class="badge log fail-bg">Fail</span></td>
<td>06:32:05 AM</td>
<td>
<a href="#" class="linked" test-id='1' id='55'>: TC_010 User can NOT create Vice Dean by entering required credentials except and invalid "Password" "Negative Test"</a>
<div class="">
<span class="badge badge-default">US_06 Dean should be able to create Vice Dean.: TC_010 User can NOT create Vice Dean by entering required credentials except and invalid "Password" "Negative Test"</span>
</div>
</td>
</tr>
<tr class="tag-test-status" status="fail">
<td><span class="badge log fail-bg">Fail</span></td>
<td>06:32:17 AM</td>
<td>
<a href="#" class="linked" test-id='1' id='68'>: TC_010 User can NOT create Vice Dean by entering required credentials except and invalid "Password" "Negative Test"</a>
<div class="">
<span class="badge badge-default">US_06 Dean should be able to create Vice Dean.: TC_010 User can NOT create Vice Dean by entering required credentials except and invalid "Password" "Negative Test"</span>
</div>
</td>
</tr>
<tr class="tag-test-status" status="fail">
<td><span class="badge log fail-bg">Fail</span></td>
<td>06:32:27 AM</td>
<td>
<a href="#" class="linked" test-id='1' id='81'>: TC_010 User can NOT create Vice Dean by entering required credentials except and invalid "Password" "Negative Test"</a>
<div class="">
<span class="badge badge-default">US_06 Dean should be able to create Vice Dean.: TC_010 User can NOT create Vice Dean by entering required credentials except and invalid "Password" "Negative Test"</span>
>>>>>>> main
</div>
</td>
</tr>
</tbody>
</table>
</div>
</li>
</ul>
</div>
</div>
<div class="test-content scrollable">
<div class="test-content-detail">
<div class="detail-body"></div>
</div>
</div>
</div><div class="test-wrapper row view exception-view attributes-view">
<div class="test-list">
<div class="test-list-tools">
<ul class="tools pull-left"><li><a href=""><span class="font-size-14">Exception</span></a></li></ul>
<<<<<<< HEAD
<ul class="tools text-right"><li><a href="#"><span class="badge badge-primary">1</span></a></li></ul>
=======
<ul class="tools text-right"><li><a href="#"><span class="badge badge-primary">2</span></a></li></ul>
>>>>>>> main
</div>
<div class="test-list-wrapper scrollable">
<ul class="test-list-item">
<li class="test-item">
<div class="test-detail">
<span class="meta">
<span class='badge log badge-danger'>1</span>
</span>
<p class="name">java.lang.AssertionError</p>
<p class="duration text-sm">1 tests</p>
</div>
<div class="test-contents d-none">
<div class="info">
<h4>java.lang.AssertionError</h4>
<span status="fail" class='badge log badge-danger'>1 failed</span>
</div>
<table class='table table-sm mt-4'>
<thead>
<tr>
<th class="status-col">Status</th>
<th class="timestamp-col">Timestamp</th>
<th>TestName</th>
</tr>
</thead>
<tbody>
<tr class="tag-test-status" status="fail">
<td><span class="badge log fail-bg">Fail</span></td>
<<<<<<< HEAD
<td>10:20:24 AM</td>
<td>
<a href="#" class="linked" test-id='1' id='19'>And YSA deletes the added lesson.</a>
<div class="">
<span class="badge badge-default">US_09 Vice Deans should be able to view the lesson list and make updates.US_09 TC_002 Vice Deans should be able to delete the lesson..And YSA deletes the added lesson.</span>
=======
<td>06:31:50 AM</td>
<td>
<a href="#" class="linked" test-id='1' id='39'>Then verify new Vice Dean is not created</a>
<div class="">
<span class="badge badge-default">US_06 Dean should be able to create Vice Dean.: TC_010 User can NOT create Vice Dean by entering required credentials except and invalid "Password" "Negative Test".Then verify new Vice Dean is not created</span>
</div>
</td>
</tr>
</tbody>
</table>
</div>
</li>
<li class="test-item">
<div class="test-detail">
<span class="meta">
<span class='badge log badge-danger'>4</span>
</span>
<p class="name">org.openqa.selenium.NoSuchElementException</p>
<p class="duration text-sm">4 tests</p>
</div>
<div class="test-contents d-none">
<div class="info">
<h4>org.openqa.selenium.NoSuchElementException</h4>
<span status="fail" class='badge log badge-danger'>4 failed</span>
</div>
<table class='table table-sm mt-4'>
<thead>
<tr>
<th class="status-col">Status</th>
<th class="timestamp-col">Timestamp</th>
<th>TestName</th>
</tr>
</thead>
<tbody>
<tr class="tag-test-status" status="fail">
<td><span class="badge log fail-bg">Fail</span></td>
<td>06:31:54 AM</td>
<td>
<a href="#" class="linked" test-id='1' id='45'>When user clicks on login button</a>
<div class="">
<span class="badge badge-default">US_06 Dean should be able to create Vice Dean.: TC_010 User can NOT create Vice Dean by entering required credentials except and invalid "Password" "Negative Test".When user clicks on login button</span>
</div>
</td>
</tr>
<tr class="tag-test-status" status="fail">
<td><span class="badge log fail-bg">Fail</span></td>
<td>06:32:06 AM</td>
<td>
<a href="#" class="linked" test-id='1' id='58'>When user clicks on login button</a>
<div class="">
<span class="badge badge-default">US_06 Dean should be able to create Vice Dean.: TC_010 User can NOT create Vice Dean by entering required credentials except and invalid "Password" "Negative Test".When user clicks on login button</span>
</div>
</td>
</tr>
<tr class="tag-test-status" status="fail">
<td><span class="badge log fail-bg">Fail</span></td>
<td>06:32:17 AM</td>
<td>
<a href="#" class="linked" test-id='1' id='71'>When user clicks on login button</a>
<div class="">
<span class="badge badge-default">US_06 Dean should be able to create Vice Dean.: TC_010 User can NOT create Vice Dean by entering required credentials except and invalid "Password" "Negative Test".When user clicks on login button</span>
</div>
</td>
</tr>
<tr class="tag-test-status" status="fail">
<td><span class="badge log fail-bg">Fail</span></td>
<td>06:32:28 AM</td>
<td>
<a href="#" class="linked" test-id='1' id='84'>When user clicks on login button</a>
<div class="">
<span class="badge badge-default">US_06 Dean should be able to create Vice Dean.: TC_010 User can NOT create Vice Dean by entering required credentials except and invalid "Password" "Negative Test".When user clicks on login button</span>
>>>>>>> main
</div>
</td>
</tr>
</tbody>
</table>
</div>
</li>
</ul>
</div>
</div>
<div class="test-content scrollable">
<div class="test-content-detail">
<div class="detail-body"></div>
</div>
</div>
</div>        </div>
      </div>
    </div>
  </div>
<script src="https://cdn.jsdelivr.net/gh/extent-framework/extent-github-cdn@d6562a79075e061305ccfdb82f01e5e195e2d307/spark/js/spark-script.js"></script>
<script type="text/javascript"></script></body>
</html>